[debug] [2018-08-20T01:29:23.607Z] ----------------------------------------------------------------------
[debug] [2018-08-20T01:29:23.610Z] Command:       D:\Program Files\nodejs\node.exe C:\Users\Administrator\AppData\Roaming\npm\node_modules\firebase-tools\bin\firebase login
[debug] [2018-08-20T01:29:23.610Z] CLI Version:   4.1.2
[debug] [2018-08-20T01:29:23.610Z] Platform:      win32
[debug] [2018-08-20T01:29:23.610Z] Node Version:  v8.11.3
[debug] [2018-08-20T01:29:23.611Z] Time:          Mon Aug 20 2018 09:29:23 GMT+0800 (中国标准时间)
[debug] [2018-08-20T01:29:23.611Z] ----------------------------------------------------------------------
[debug] 
[info] 
[info] Visit this URL on any device to log in:
[info] https://accounts.google.com/o/oauth2/auth?client_id=563584335869-fgrhgmd47bqnekij5i8b5pr03ho849e6.apps.googleusercontent.com&scope=email%20openid%20https%3A%2F%2Fwww.googleapis.com%2Fauth%2Fcloudplatformprojects.readonly%20https%3A%2F%2Fwww.googleapis.com%2Fauth%2Ffirebase%20https%3A%2F%2Fwww.googleapis.com%2Fauth%2Fcloud-platform&response_type=code&state=1016860915&redirect_uri=http%3A%2F%2Flocalhost%3A9005
[info] 
[info] Waiting for authentication...
[debug] [2018-08-20T01:29:46.460Z] >>> HTTP REQUEST POST https://accounts.google.com/o/oauth2/token  

[debug] [2018-08-20T01:30:07.475Z] Token Fetch Error: Error
    at new FirebaseError (C:\Users\Administrator\AppData\Roaming\npm\node_modules\firebase-tools\lib\error.js:11:16)
    at Request._callback (C:\Users\Administrator\AppData\Roaming\npm\node_modules\firebase-tools\lib\api.js:34:11)
    at self.callback (C:\Users\Administrator\AppData\Roaming\npm\node_modules\firebase-tools\node_modules\request\request.js:185:22)
    at emitOne (events.js:116:13)
    at Request.emit (events.js:211:7)
    at Request.onRequestError (C:\Users\Administrator\AppData\Roaming\npm\node_modules\firebase-tools\node_modules\request\request.js:881:8)
    at emitOne (events.js:116:13)
    at ClientRequest.emit (events.js:211:7)
    at TLSSocket.socketErrorListener (_http_client.js:387:9)
    at emitOne (events.js:116:13)
